#! /usr/bin/vvp
:ivl_version "10.3 (stable)";
:ivl_delay_selection "TYPICAL";
:vpi_time_precision + 0;
:vpi_module "system";
:vpi_module "vhdl_sys";
:vpi_module "v2005_math";
:vpi_module "va_math";
S_0x55a58d2cafd0 .scope module, "codeDetector_tb" "codeDetector_tb" 2 1;
 .timescale 0 0;
P_0x55a58d2cb150 .param/l "half_cycle" 0 2 3, +C4<00000000000000000000000000000101>;
v0x55a58d2e37a0_0 .net "SSG_D", 6 0, v0x55a58d2b8880_0;  1 drivers
v0x55a58d2e3880_0 .var "buttonDown", 0 0;
v0x55a58d2e3950_0 .var "buttonLeft", 0 0;
v0x55a58d2e3a50_0 .var "buttonReset", 0 0;
v0x55a58d2e3b20_0 .var "buttonRight", 0 0;
v0x55a58d2e3bc0_0 .var "buttonTop", 0 0;
v0x55a58d2e3c90_0 .var "clk", 0 0;
S_0x55a58d28f030 .scope module, "insta1" "codeDetector" 2 13, 3 1 0, S_0x55a58d2cafd0;
 .timescale 0 0;
    .port_info 0 /INPUT 1 "clk"
    .port_info 1 /INPUT 1 "reset"
    .port_info 2 /INPUT 1 "buttonTop"
    .port_info 3 /INPUT 1 "buttonDown"
    .port_info 4 /INPUT 1 "buttonLeft"
    .port_info 5 /INPUT 1 "buttonRight"
    .port_info 6 /OUTPUT 7 "SSG_D"
P_0x55a58d28f200 .param/l "IDLE" 0 3 11, C4<000>;
P_0x55a58d28f240 .param/l "ST0" 0 3 12, C4<001>;
P_0x55a58d28f280 .param/l "ST1" 0 3 13, C4<010>;
P_0x55a58d28f2c0 .param/l "ST2" 0 3 14, C4<011>;
P_0x55a58d28f300 .param/l "ST3" 0 3 15, C4<100>;
P_0x55a58d28f340 .param/l "ST4" 0 3 16, C4<101>;
v0x55a58d2b8880_0 .var "SSG_D", 6 0;
L_0x7fbc49636018 .functor BUFT 1, C4<100>, C4<0>, C4<0>, C4<0>;
v0x55a58d2e2b20_0 .net/2u *"_s0", 2 0, L_0x7fbc49636018;  1 drivers
v0x55a58d2e2c00_0 .net *"_s2", 0 0, L_0x55a58d2e3d90;  1 drivers
L_0x7fbc49636060 .functor BUFT 1, C4<1>, C4<0>, C4<0>, C4<0>;
v0x55a58d2e2cd0_0 .net/2u *"_s4", 0 0, L_0x7fbc49636060;  1 drivers
L_0x7fbc496360a8 .functor BUFT 1, C4<0>, C4<0>, C4<0>, C4<0>;
v0x55a58d2e2db0_0 .net/2u *"_s6", 0 0, L_0x7fbc496360a8;  1 drivers
v0x55a58d2e2ee0_0 .net "buttonDown", 0 0, v0x55a58d2e3880_0;  1 drivers
v0x55a58d2e2fa0_0 .net "buttonLeft", 0 0, v0x55a58d2e3950_0;  1 drivers
v0x55a58d2e3060_0 .net "buttonRight", 0 0, v0x55a58d2e3b20_0;  1 drivers
v0x55a58d2e3120_0 .net "buttonTop", 0 0, v0x55a58d2e3bc0_0;  1 drivers
v0x55a58d2e31e0_0 .var "c_state", 2 0;
v0x55a58d2e32c0_0 .net "clk", 0 0, v0x55a58d2e3c90_0;  1 drivers
v0x55a58d2e3380_0 .net "cnt_enable", 0 0, L_0x55a58d2e3f40;  1 drivers
v0x55a58d2e3440_0 .var "counter", 1 0;
v0x55a58d2e3520_0 .var "n_state", 2 0;
v0x55a58d2e3600_0 .net "reset", 0 0, v0x55a58d2e3a50_0;  1 drivers
E_0x55a58d2c5b10 .event edge, v0x55a58d2e3440_0, v0x55a58d2e31e0_0;
E_0x55a58d28f890/0 .event posedge, v0x55a58d2e3600_0, v0x55a58d2e3120_0, v0x55a58d2e3060_0, v0x55a58d2e2fa0_0;
E_0x55a58d28f890/1 .event posedge, v0x55a58d2e2ee0_0;
E_0x55a58d28f890 .event/or E_0x55a58d28f890/0, E_0x55a58d28f890/1;
E_0x55a58d2c4d40 .event posedge, v0x55a58d2e3600_0, v0x55a58d2e32c0_0;
E_0x55a58d2b6fd0 .event edge, v0x55a58d2e31e0_0, v0x55a58d2e3120_0, v0x55a58d2e2fa0_0, v0x55a58d2e3060_0;
L_0x55a58d2e3d90 .cmp/eq 3, v0x55a58d2e31e0_0, L_0x7fbc49636018;
L_0x55a58d2e3f40 .functor MUXZ 1, L_0x7fbc496360a8, L_0x7fbc49636060, L_0x55a58d2e3d90, C4<>;
    .scope S_0x55a58d28f030;
T_0 ;
    %wait E_0x55a58d2b6fd0;
    %load/vec4 v0x55a58d2e31e0_0;
    %dup/vec4;
    %pushi/vec4 0, 0, 3;
    %cmp/u;
    %jmp/1 T_0.0, 6;
    %dup/vec4;
    %pushi/vec4 1, 0, 3;
    %cmp/u;
    %jmp/1 T_0.1, 6;
    %dup/vec4;
    %pushi/vec4 2, 0, 3;
    %cmp/u;
    %jmp/1 T_0.2, 6;
    %dup/vec4;
    %pushi/vec4 3, 0, 3;
    %cmp/u;
    %jmp/1 T_0.3, 6;
    %dup/vec4;
    %pushi/vec4 4, 0, 3;
    %cmp/u;
    %jmp/1 T_0.4, 6;
    %pushi/vec4 0, 0, 3;
    %store/vec4 v0x55a58d2e3520_0, 0, 3;
    %jmp T_0.6;
T_0.0 ;
    %load/vec4 v0x55a58d2e3120_0;
    %cmpi/e 1, 0, 1;
    %jmp/0xz  T_0.7, 4;
    %pushi/vec4 1, 0, 3;
    %store/vec4 v0x55a58d2e3520_0, 0, 3;
    %jmp T_0.8;
T_0.7 ;
    %load/vec4 v0x55a58d2e31e0_0;
    %store/vec4 v0x55a58d2e3520_0, 0, 3;
T_0.8 ;
    %jmp T_0.6;
T_0.1 ;
    %load/vec4 v0x55a58d2e2fa0_0;
    %cmpi/e 1, 0, 1;
    %jmp/0xz  T_0.9, 4;
    %pushi/vec4 2, 0, 3;
    %store/vec4 v0x55a58d2e3520_0, 0, 3;
    %jmp T_0.10;
T_0.9 ;
    %pushi/vec4 0, 0, 3;
    %store/vec4 v0x55a58d2e3520_0, 0, 3;
T_0.10 ;
    %jmp T_0.6;
T_0.2 ;
    %load/vec4 v0x55a58d2e2fa0_0;
    %cmpi/e 1, 0, 1;
    %jmp/0xz  T_0.11, 4;
    %pushi/vec4 3, 0, 3;
    %store/vec4 v0x55a58d2e3520_0, 0, 3;
    %jmp T_0.12;
T_0.11 ;
    %pushi/vec4 0, 0, 3;
    %store/vec4 v0x55a58d2e3520_0, 0, 3;
T_0.12 ;
    %jmp T_0.6;
T_0.3 ;
    %load/vec4 v0x55a58d2e3060_0;
    %cmpi/e 1, 0, 1;
    %jmp/0xz  T_0.13, 4;
    %pushi/vec4 4, 0, 3;
    %store/vec4 v0x55a58d2e3520_0, 0, 3;
    %jmp T_0.14;
T_0.13 ;
    %pushi/vec4 0, 0, 3;
    %store/vec4 v0x55a58d2e3520_0, 0, 3;
T_0.14 ;
    %jmp T_0.6;
T_0.4 ;
    %pushi/vec4 0, 0, 3;
    %store/vec4 v0x55a58d2e3520_0, 0, 3;
    %jmp T_0.6;
T_0.6 ;
    %pop/vec4 1;
    %jmp T_0;
    .thread T_0, $push;
    .scope S_0x55a58d28f030;
T_1 ;
    %wait E_0x55a58d2c4d40;
    %load/vec4 v0x55a58d2e3600_0;
    %flag_set/vec4 8;
    %jmp/0xz  T_1.0, 8;
    %pushi/vec4 0, 0, 3;
    %assign/vec4 v0x55a58d2e31e0_0, 0;
    %jmp T_1.1;
T_1.0 ;
    %load/vec4 v0x55a58d2e3520_0;
    %assign/vec4 v0x55a58d2e31e0_0, 0;
T_1.1 ;
    %jmp T_1;
    .thread T_1;
    .scope S_0x55a58d28f030;
T_2 ;
    %wait E_0x55a58d28f890;
    %load/vec4 v0x55a58d2e3600_0;
    %flag_set/vec4 8;
    %jmp/0xz  T_2.0, 8;
    %pushi/vec4 0, 0, 2;
    %assign/vec4 v0x55a58d2e3440_0, 0;
    %jmp T_2.1;
T_2.0 ;
    %load/vec4 v0x55a58d2e3440_0;
    %addi 1, 0, 2;
    %assign/vec4 v0x55a58d2e3440_0, 0;
T_2.1 ;
    %jmp T_2;
    .thread T_2;
    .scope S_0x55a58d28f030;
T_3 ;
    %wait E_0x55a58d2c5b10;
    %load/vec4 v0x55a58d2e3440_0;
    %cmpi/e 3, 0, 2;
    %jmp/0xz  T_3.0, 4;
    %load/vec4 v0x55a58d2e31e0_0;
    %cmpi/e 4, 0, 3;
    %jmp/0xz  T_3.2, 4;
    %pushi/vec4 16, 0, 7;
    %store/vec4 v0x55a58d2b8880_0, 0, 7;
    %jmp T_3.3;
T_3.2 ;
    %pushi/vec4 6, 0, 7;
    %store/vec4 v0x55a58d2b8880_0, 0, 7;
T_3.3 ;
    %jmp T_3.1;
T_3.0 ;
    %load/vec4 v0x55a58d2e3440_0;
    %cmpi/e 0, 0, 2;
    %jmp/0xz  T_3.4, 4;
    %pushi/vec4 64, 0, 7;
    %store/vec4 v0x55a58d2b8880_0, 0, 7;
T_3.4 ;
T_3.1 ;
    %jmp T_3;
    .thread T_3, $push;
    .scope S_0x55a58d2cafd0;
T_4 ;
    %pushi/vec4 0, 0, 1;
    %store/vec4 v0x55a58d2e3a50_0, 0, 1;
    %pushi/vec4 0, 0, 1;
    %store/vec4 v0x55a58d2e3c90_0, 0, 1;
    %pushi/vec4 0, 0, 1;
    %store/vec4 v0x55a58d2e3bc0_0, 0, 1;
    %pushi/vec4 0, 0, 1;
    %store/vec4 v0x55a58d2e3b20_0, 0, 1;
    %pushi/vec4 0, 0, 1;
    %store/vec4 v0x55a58d2e3950_0, 0, 1;
    %pushi/vec4 0, 0, 1;
    %store/vec4 v0x55a58d2e3880_0, 0, 1;
    %end;
    .thread T_4;
    .scope S_0x55a58d2cafd0;
T_5 ;
    %delay 5, 0;
    %load/vec4 v0x55a58d2e3c90_0;
    %nor/r;
    %store/vec4 v0x55a58d2e3c90_0, 0, 1;
    %jmp T_5;
    .thread T_5;
    .scope S_0x55a58d2cafd0;
T_6 ;
    %delay 30, 0;
    %pushi/vec4 1, 0, 1;
    %store/vec4 v0x55a58d2e3a50_0, 0, 1;
    %delay 20, 0;
    %pushi/vec4 0, 0, 1;
    %store/vec4 v0x55a58d2e3a50_0, 0, 1;
    %delay 20, 0;
    %pushi/vec4 1, 0, 1;
    %store/vec4 v0x55a58d2e3bc0_0, 0, 1;
    %delay 20, 0;
    %pushi/vec4 1, 0, 1;
    %store/vec4 v0x55a58d2e3950_0, 0, 1;
    %delay 20, 0;
    %pushi/vec4 1, 0, 1;
    %store/vec4 v0x55a58d2e3950_0, 0, 1;
    %delay 20, 0;
    %pushi/vec4 1, 0, 1;
    %store/vec4 v0x55a58d2e3b20_0, 0, 1;
    %delay 150, 0;
    %vpi_call 2 36 "$finish" {0 0 0};
    %end;
    .thread T_6;
# The file index is used to find the file name in the following table.
:file_names 4;
    "N/A";
    "<interactive>";
    "codeDetector_tb.v";
    "codeDetector.v";
